# JRE version: OpenJDK Runtime Environment SapMachine (17.0.6+10) (build 17.0.6+10-LTS-sapmachine)
# Java VM: OpenJDK 64-Bit Server VM SapMachine (17.0.6+10-LTS-sapmachine, mixed mode, emulated-client, tiered, compressed oops, compressed class ptrs, g1 gc, bsd-aarch64)
GC Precious Log:
 CPUs: 10 total, 10 available
 Memory: 32768M
 Large Page Support: Disabled
 NUMA Support: Disabled
 Compressed Oops: Enabled (Zero based)
 Heap Region Size: 4M
 Heap Min Capacity: 8M
 Heap Initial Capacity: 512M
 Heap Max Capacity: 8G
 Pre-touch: Disabled
 Parallel Workers: 9
 Concurrent Workers: 2
 Concurrent Refinement Workers: 9
 Periodic GC: Disabled
Heap:
 garbage-first heap   total 81920K, used 30505K [0x0000000600000000, 0x0000000800000000)
  region size 4096K, 6 young (24576K), 2 survivors (8192K)
 Metaspace       used 48800K, committed 49216K, reserved 1097728K
  class space    used 6458K, committed 6656K, reserved 1048576K
GC Heap History (18 events):
Event: 0.381 GC heap before
{Heap before GC invocations=0 (full 0):
 garbage-first heap   total 524288K, used 24576K [0x0000000600000000, 0x0000000800000000)
  region size 4096K, 6 young (24576K), 0 survivors (0K)
 Metaspace       used 14348K, committed 14464K, reserved 1064960K
  class space    used 1470K, committed 1536K, reserved 1048576K
}
Event: 0.384 GC heap after
{Heap after GC invocations=1 (full 0):
 garbage-first heap   total 524288K, used 8021K [0x0000000600000000, 0x0000000800000000)
  region size 4096K, 1 young (4096K), 1 survivors (4096K)
 Metaspace       used 14348K, committed 14464K, reserved 1064960K
  class space    used 1470K, committed 1536K, reserved 1048576K
}
Event: 0.520 GC heap before
{Heap before GC invocations=1 (full 0):
 garbage-first heap   total 524288K, used 28501K [0x0000000600000000, 0x0000000800000000)
  region size 4096K, 6 young (24576K), 1 survivors (4096K)
 Metaspace       used 18383K, committed 18560K, reserved 1073152K
  class space    used 2066K, committed 2176K, reserved 1048576K
}
Event: 0.523 GC heap after
{Heap after GC invocations=2 (full 0):
 garbage-first heap   total 524288K, used 9510K [0x0000000600000000, 0x0000000800000000)
  region size 4096K, 1 young (4096K), 1 survivors (4096K)
 Metaspace       used 18383K, committed 18560K, reserved 1073152K
  class space    used 2066K, committed 2176K, reserved 1048576K
}
Event: 0.603 GC heap before
{Heap before GC invocations=2 (full 0):
 garbage-first heap   total 524288K, used 21798K [0x0000000600000000, 0x0000000800000000)
  region size 4096K, 5 young (20480K), 1 survivors (4096K)
 Metaspace       used 21263K, committed 21504K, reserved 1073152K
  class space    used 2395K, committed 2560K, reserved 1048576K
}
Event: 0.605 GC heap after
{Heap after GC invocations=3 (full 0):
 garbage-first heap   total 524288K, used 10105K [0x0000000600000000, 0x0000000800000000)
  region size 4096K, 1 young (4096K), 1 survivors (4096K)
 Metaspace       used 21263K, committed 21504K, reserved 1073152K
  class space    used 2395K, committed 2560K, reserved 1048576K
}
Event: 0.812 GC heap before
{Heap before GC invocations=4 (full 0):
 garbage-first heap   total 69632K, used 42873K [0x0000000600000000, 0x0000000800000000)
  region size 4096K, 10 young (40960K), 1 survivors (4096K)
 Metaspace       used 27960K, committed 28160K, reserved 1081344K
  class space    used 3294K, committed 3392K, reserved 1048576K
}
Event: 0.814 GC heap after
{Heap after GC invocations=5 (full 0):
 garbage-first heap   total 69632K, used 12600K [0x0000000600000000, 0x0000000800000000)
  region size 4096K, 2 young (8192K), 2 survivors (8192K)
 Metaspace       used 27960K, committed 28160K, reserved 1081344K
  class space    used 3294K, committed 3392K, reserved 1048576K
}
Event: 0.828 GC heap before
{Heap before GC invocations=5 (full 0):
 garbage-first heap   total 69632K, used 16696K [0x0000000600000000, 0x0000000800000000)
  region size 4096K, 3 young (12288K), 2 survivors (8192K)
 Metaspace       used 28786K, committed 28992K, reserved 1081344K
  class space    used 3415K, committed 3520K, reserved 1048576K
}
Event: 0.831 GC heap after
{Heap after GC invocations=6 (full 0):
 garbage-first heap   total 69632K, used 12915K [0x0000000600000000, 0x0000000800000000)
  region size 4096K, 1 young (4096K), 1 survivors (4096K)
 Metaspace       used 28786K, committed 28992K, reserved 1081344K
  class space    used 3415K, committed 3520K, reserved 1048576K
}
Event: 1.082 GC heap before
{Heap before GC invocations=6 (full 0):
 garbage-first heap   total 69632K, used 41587K [0x0000000600000000, 0x0000000800000000)
  region size 4096K, 8 young (32768K), 1 survivors (4096K)
 Metaspace       used 32122K, committed 32384K, reserved 1081344K
  class space    used 3879K, committed 4032K, reserved 1048576K
}
Event: 1.085 GC heap after
{Heap after GC invocations=7 (full 0):
 garbage-first heap   total 299008K, used 14870K [0x0000000600000000, 0x0000000800000000)
  region size 4096K, 1 young (4096K), 1 survivors (4096K)
 Metaspace       used 32122K, committed 32384K, reserved 1081344K
  class space    used 3879K, committed 4032K, reserved 1048576K
}
Event: 1.355 GC heap before
{Heap before GC invocations=7 (full 0):
 garbage-first heap   total 299008K, used 47638K [0x0000000600000000, 0x0000000800000000)
  region size 4096K, 10 young (40960K), 1 survivors (4096K)
 Metaspace       used 35883K, committed 36160K, reserved 1081344K
  class space    used 4495K, committed 4608K, reserved 1048576K
}
Event: 1.359 GC heap after
{Heap after GC invocations=8 (full 0):
 garbage-first heap   total 299008K, used 16358K [0x0000000600000000, 0x0000000800000000)
  region size 4096K, 2 young (8192K), 2 survivors (8192K)
 Metaspace       used 35883K, committed 36160K, reserved 1081344K
  class space    used 4495K, committed 4608K, reserved 1048576K
}
Event: 1.737 GC heap before
{Heap before GC invocations=9 (full 0):
 garbage-first heap   total 81920K, used 57318K [0x0000000600000000, 0x0000000800000000)
  region size 4096K, 13 young (53248K), 2 survivors (8192K)
 Metaspace       used 42000K, committed 42432K, reserved 1089536K
  class space    used 5404K, committed 5632K, reserved 1048576K
}
Event: 1.741 GC heap after
{Heap after GC invocations=10 (full 0):
 garbage-first heap   total 81920K, used 19604K [0x0000000600000000, 0x0000000800000000)
  region size 4096K, 2 young (8192K), 2 survivors (8192K)
 Metaspace       used 42000K, committed 42432K, reserved 1089536K
  class space    used 5404K, committed 5632K, reserved 1048576K
}
Event: 2.012 GC heap before
{Heap before GC invocations=10 (full 0):
 garbage-first heap   total 81920K, used 56468K [0x0000000600000000, 0x0000000800000000)
  region size 4096K, 11 young (45056K), 2 survivors (8192K)
 Metaspace       used 47594K, committed 48000K, reserved 1097728K
  class space    used 6279K, committed 6464K, reserved 1048576K
}
Event: 2.019 GC heap after
{Heap after GC invocations=11 (full 0):
 garbage-first heap   total 81920K, used 22313K [0x0000000600000000, 0x0000000800000000)
  region size 4096K, 2 young (8192K), 2 survivors (8192K)
 Metaspace       used 47594K, committed 48000K, reserved 1097728K
  class space    used 6279K, committed 6464K, reserved 1048576K
}

